\BOOKMARK [1][-]{section.1}{\376\377\000I\000n\000t\000r\000o\000d\000u\000c\000t\000i\000o\000n}{}% 1
\BOOKMARK [2][-]{subsection.1.1}{\376\377\000C\000o\000n\000t\000r\000o\000l\000\040\000S\000y\000s\000t\000e\000m\000\040\000D\000e\000s\000i\000g\000n\000\040\000S\000t\000e\000p\000s\000:}{section.1}% 2
\BOOKMARK [1][-]{section.2}{\376\377\000C\000o\000n\000t\000r\000o\000l\000\040\000T\000h\000e\000o\000r\000i\000e\000s}{}% 3
\BOOKMARK [2][-]{subsection.2.1}{\376\377\000C\000l\000a\000s\000s\000i\000c\000a\000l\000\040\000C\000o\000n\000t\000r\000o\000l\000\040\000T\000h\000e\000o\000r\000y}{section.2}% 4
\BOOKMARK [2][-]{subsection.2.2}{\376\377\000S\000t\000a\000t\000e\000-\000S\000p\000a\000c\000e\000\040\000C\000o\000n\000t\000r\000o\000l\000\040\000T\000h\000e\000o\000r\000y}{section.2}% 5
\BOOKMARK [2][-]{subsection.2.3}{\376\377\000O\000p\000t\000i\000m\000a\000l\000\040\000C\000o\000n\000t\000r\000o\000l\000\040\000T\000h\000e\000o\000r\000y}{section.2}% 6
\BOOKMARK [2][-]{subsection.2.4}{\376\377\000A\000d\000a\000p\000t\000i\000v\000e\000\040\000C\000o\000n\000t\000r\000o\000l\000\040\000T\000h\000e\000o\000r\000y}{section.2}% 7
\BOOKMARK [2][-]{subsection.2.5}{\376\377\000R\000o\000b\000u\000s\000t\000\040\000C\000o\000n\000t\000r\000o\000l\000\040\000T\000h\000e\000o\000r\000y}{section.2}% 8
\BOOKMARK [2][-]{subsection.2.6}{\376\377\000N\000o\000n\000l\000i\000n\000e\000a\000r\000\040\000C\000o\000n\000t\000r\000o\000l\000\040\000T\000h\000e\000o\000r\000y}{section.2}% 9
\BOOKMARK [2][-]{subsection.2.7}{\376\377\000S\000t\000o\000c\000h\000a\000s\000t\000i\000c\000\040\000C\000o\000n\000t\000r\000o\000l\000\040\000T\000h\000e\000o\000r\000y}{section.2}% 10
\BOOKMARK [2][-]{subsection.2.8}{\376\377\000G\000a\000m\000e\000\040\000T\000h\000e\000o\000r\000y\000\040\000i\000n\000\040\000C\000o\000n\000t\000r\000o\000l}{section.2}% 11
\BOOKMARK [2][-]{subsection.2.9}{\376\377\000D\000i\000s\000t\000r\000i\000b\000u\000t\000e\000d\000\040\000a\000n\000d\000\040\000D\000e\000c\000e\000n\000t\000r\000a\000l\000i\000z\000e\000d\000\040\000C\000o\000n\000t\000r\000o\000l}{section.2}% 12
\BOOKMARK [2][-]{subsection.2.10}{\376\377\000L\000e\000a\000r\000n\000i\000n\000g\000-\000B\000a\000s\000e\000d\000\040\000C\000o\000n\000t\000r\000o\000l}{section.2}% 13
\BOOKMARK [2][-]{subsection.2.11}{\376\377\000M\000o\000d\000e\000r\000n\000\040\000C\000o\000n\000t\000r\000o\000l\000\040\000T\000h\000e\000o\000r\000y}{section.2}% 14
\BOOKMARK [1][-]{section.3}{\376\377\000C\000o\000n\000t\000r\000o\000l\000\040\000S\000t\000r\000a\000t\000e\000g\000i\000e\000s}{}% 15
\BOOKMARK [2][-]{subsection.3.1}{\376\377\000C\000l\000a\000s\000s\000i\000c\000a\000l\000\040\000C\000o\000n\000t\000r\000o\000l\000\040\000S\000t\000r\000a\000t\000e\000g\000i\000e\000s}{section.3}% 16
\BOOKMARK [2][-]{subsection.3.2}{\376\377\000O\000p\000t\000i\000m\000a\000l\000\040\000C\000o\000n\000t\000r\000o\000l\000\040\000S\000t\000r\000a\000t\000e\000g\000i\000e\000s}{section.3}% 17
\BOOKMARK [2][-]{subsection.3.3}{\376\377\000R\000o\000b\000u\000s\000t\000\040\000C\000o\000n\000t\000r\000o\000l\000\040\000S\000t\000r\000a\000t\000e\000g\000i\000e\000s}{section.3}% 18
\BOOKMARK [2][-]{subsection.3.4}{\376\377\000A\000d\000a\000p\000t\000i\000v\000e\000\040\000C\000o\000n\000t\000r\000o\000l\000\040\000S\000t\000r\000a\000t\000e\000g\000i\000e\000s}{section.3}% 19
\BOOKMARK [2][-]{subsection.3.5}{\376\377\000I\000n\000t\000e\000l\000l\000i\000g\000e\000n\000t\000\040\000C\000o\000n\000t\000r\000o\000l\000\040\000S\000t\000r\000a\000t\000e\000g\000i\000e\000s}{section.3}% 20
\BOOKMARK [2][-]{subsection.3.6}{\376\377\000N\000o\000n\000l\000i\000n\000e\000a\000r\000\040\000C\000o\000n\000t\000r\000o\000l\000\040\000S\000t\000r\000a\000t\000e\000g\000i\000e\000s}{section.3}% 21
\BOOKMARK [2][-]{subsection.3.7}{\376\377\000M\000o\000d\000e\000r\000n\000\040\000C\000o\000n\000t\000r\000o\000l\000\040\000S\000t\000r\000a\000t\000e\000g\000i\000e\000s}{section.3}% 22
\BOOKMARK [2][-]{subsection.3.8}{\376\377\000H\000y\000b\000r\000i\000d\000\040\000a\000n\000d\000\040\000E\000v\000e\000n\000t\000-\000D\000r\000i\000v\000e\000n\000\040\000C\000o\000n\000t\000r\000o\000l}{section.3}% 23
